<?xml version="1.0" encoding="UTF-8"?>
<!-- Generated by org.testng.reporters.JUnitReportReporter -->
<testsuite skipped="0" hostname="CC_QA-LAP" name="com.staging.SampleMail.CreateVmailTest" tests="1" failures="0" timestamp="23 Dec 2020 08:34:51 GMT" time="86.881" errors="0">
  <testcase name="createVmail" time="86.881" classname="com.staging.SampleMail.CreateVmailTest"/>
</testsuite> <!-- com.staging.SampleMail.CreateVmailTest -->
